<?xml version="1.0" encoding="UTF-8"?>
<testsuite xmlns:xsi="http://www.w3.org/2001/XMLSchema-instance" xsi:noNamespaceSchemaLocation="https://maven.apache.org/surefire/maven-surefire-plugin/xsd/surefire-test-report-3.0.xsd" version="3.0" name="coe528.lab1.FlightTest" time="0.101" tests="17" errors="0" skipped="0" failures="0">
  <properties>
[...]
</properties>
  <testcase name="testGetorigin" classname="coe528.lab1.FlightTest" time="0.025">
    <system-out><![CDATA[getorigin
]]></system-out>
  </testcase>
  <testcase name="testtoString" classname="coe528.lab1.FlightTest" time="0.016">
    <system-out><![CDATA[toString
]]></system-out>
  </testcase>
  <testcase name="testGetoriginalPrice" classname="coe528.lab1.FlightTest" time="0.001">
    <system-out><![CDATA[getoriginalPrice
]]></system-out>
  </testcase>
  <testcase name="testGetflightNumber" classname="coe528.lab1.FlightTest" time="0.002">
    <system-out><![CDATA[getflightNumber
]]></system-out>
  </testcase>
  <testcase name="testGetdestination" classname="coe528.lab1.FlightTest" time="0.003">
    <system-out><![CDATA[getdestination
]]></system-out>
  </testcase>
  <testcase name="testSetdepartureTime" classname="coe528.lab1.FlightTest" time="0.001">
    <system-out><![CDATA[setdepartureTime
]]></system-out>
  </testcase>
  <testcase name="testSetflightNumber" classname="coe528.lab1.FlightTest" time="0.001">
    <system-out><![CDATA[setflightNumber
]]></system-out>
  </testcase>
  <testcase name="testSetnumberOfSeatsLeft" classname="coe528.lab1.FlightTest" time="0.001">
    <system-out><![CDATA[setnumberOfSeatsLeft
]]></system-out>
  </testcase>
  <testcase name="testbookASeat" classname="coe528.lab1.FlightTest" time="0.001">
    <system-out><![CDATA[bookASeat
]]></system-out>
  </testcase>
  <testcase name="testGetnumberOfSeatsLeft" classname="coe528.lab1.FlightTest" time="0.001">
    <system-out><![CDATA[getnumberOfSeatsLeft
]]></system-out>
  </testcase>
  <testcase name="testGetdepartureTime" classname="coe528.lab1.FlightTest" time="0.001">
    <system-out><![CDATA[getdepartureTime
]]></system-out>
  </testcase>
  <testcase name="testSetcapacity" classname="coe528.lab1.FlightTest" time="0.002">
    <system-out><![CDATA[setcapacity
]]></system-out>
  </testcase>
  <testcase name="testGetcapacity" classname="coe528.lab1.FlightTest" time="0.001">
    <system-out><![CDATA[getcapacity
]]></system-out>
  </testcase>
  <testcase name="testSetoriginalPrice" classname="coe528.lab1.FlightTest" time="0.002">
    <system-out><![CDATA[setoriginalPrice
]]></system-out>
  </testcase>
  <testcase name="testSetdestination" classname="coe528.lab1.FlightTest" time="0.001">
    <system-out><![CDATA[setdestination
]]></system-out>
  </testcase>
  <testcase name="testConstructor" classname="coe528.lab1.FlightTest" time="0.001">
    <system-out><![CDATA[testConstructor
]]></system-out>
  </testcase>
  <testcase name="testSetorigin" classname="coe528.lab1.FlightTest" time="0.001">
    <system-out><![CDATA[setorigin
]]></system-out>
  </testcase>
</testsuite>